<?xml version="1.0" encoding="UTF-8"?>
<testng-results ignored="0" total="1" passed="1" failed="0" skipped="0">
  <reporter-output>
  </reporter-output>
  <suite started-at="2023-12-21T16:03:06 IST" name="Default suite" finished-at="2023-12-21T16:03:52 IST" duration-ms="45578">
    <groups>
    </groups>
    <test started-at="2023-12-21T16:03:06 IST" name="Default test" finished-at="2023-12-21T16:03:52 IST" duration-ms="45578">
      <class name="topic_ObjectRepository.Test_ReadProperties">
        <test-method signature="sd_login()[pri:0, instance:topic_ObjectRepository.Test_ReadProperties@548d708a]" started-at="2023-12-21T16:03:07 IST" name="sd_login" finished-at="2023-12-21T16:03:52 IST" duration-ms="45382" status="PASS">
          <reporter-output>
          </reporter-output>
        </test-method> <!-- sd_login -->
      </class> <!-- topic_ObjectRepository.Test_ReadProperties -->
    </test> <!-- Default test -->
  </suite> <!-- Default suite -->
</testng-results>
