<?xml version="1.0" encoding="UTF-8"?>
<testng-results ignored="0" total="1" passed="1" failed="0" skipped="0">
  <reporter-output>
  </reporter-output>
  <suite started-at="2024-03-31T13:54:52 IST" name="Default suite" finished-at="2024-03-31T13:55:39 IST" duration-ms="46504">
    <groups>
    </groups>
    <test started-at="2024-03-31T13:54:52 IST" name="Default test" finished-at="2024-03-31T13:55:39 IST" duration-ms="46504">
      <class name="my_prt_practice_Intellipaat.PRT1Test">
        <test-method signature="ebayvalidation()[pri:0, instance:my_prt_practice_Intellipaat.PRT1Test@3f6f6701]" started-at="2024-03-31T13:54:53 IST" name="ebayvalidation" finished-at="2024-03-31T13:55:39 IST" duration-ms="46366" status="PASS">
          <reporter-output>
          </reporter-output>
        </test-method> <!-- ebayvalidation -->
      </class> <!-- my_prt_practice_Intellipaat.PRT1Test -->
    </test> <!-- Default test -->
  </suite> <!-- Default suite -->
</testng-results>
