<?xml version="1.0" encoding="UTF-8"?>
<!-- Generated by org.testng.reporters.JUnitXMLReporter -->
<testsuite ignored="0" hostname="DESKTOP-840BIJ2" failures="0" tests="4" name="Default test" time="54.57" errors="0" timestamp="2023-12-25T12:52:05 IST">
  <testcase classname="topic_ObjectRepository.Project4_Problem1" name="setup" time="28.971"/>
  <testcase classname="topic_ObjectRepository.Project4_Problem1" name="search" time="13.211"/>
  <testcase classname="topic_ObjectRepository.Project4_Problem1" name="test_Result" time="7.302"/>
  <testcase classname="topic_ObjectRepository.Project4_Problem1" name="write_Excel" time="4.877"/>
</testsuite> <!-- Default test -->
