<?xml version="1.0" encoding="UTF-8"?>
<!-- Generated by org.testng.reporters.JUnitXMLReporter -->
<testsuite ignored="0" hostname="DESKTOP-840BIJ2" failures="0" tests="3" name="Test" time="48.371" errors="0" timestamp="2024-03-28T22:59:41 IST">
  <testcase classname="package3.Test1_ff" name="setUp_ff" time="0.043"/>
  <testcase classname="package3.Test1_Edge" name="setUp_Edge" time="43.055"/>
  <testcase classname="package3.Test1_chrome" name="setUp_chrome" time="48.209"/>
</testsuite> <!-- Test -->
