<?xml version="1.0" encoding="UTF-8"?>
<!-- Generated by org.testng.reporters.JUnitXMLReporter -->
<testsuite ignored="0" hostname="DESKTOP-840BIJ2" failures="0" tests="7" name="Back-end" time="0.067" errors="0" timestamp="2023-12-10T17:52:41 IST">
  <testcase classname="topic_advanced_Annotations.TestBackendConfig" name="f" time="0.003"/>
  <testcase classname="topic_advanced_Annotations.TestDB" name="testDelete" time="0.005"/>
  <testcase classname="topic_advanced_Annotations.TestDB" name="testInsert" time="0.004"/>
  <testcase classname="topic_advanced_Annotations.TestDB" name="testUpdate" time="0.007"/>
  <testcase classname="topic_advanced_Annotations.TestSecurity" name="closeFileDialog" time="0.003"/>
  <testcase classname="topic_advanced_Annotations.TestSecurity" name="openCongirmationDialog" time="0.003"/>
  <testcase classname="topic_advanced_Annotations.TestSecurity" name="openFileDialog" time="0.002"/>
</testsuite> <!-- Back-end -->
