<?xml version="1.0" encoding="UTF-8"?>
<!-- Generated by org.testng.reporters.JUnitXMLReporter -->
<testsuite ignored="0" hostname="DESKTOP-840BIJ2" failures="0" tests="6" name="front-end" time="0.224" errors="0" timestamp="2023-12-10T17:52:41 IST">
  <testcase classname="topic_advanced_Annotations.TestUI" name="accessContactPage" time="0.023"/>
  <testcase classname="topic_advanced_Annotations.TestUI" name="accessHomePage" time="0.005"/>
  <testcase classname="topic_advanced_Annotations.TestUI" name="accesscompaingnPage" time="0.005"/>
  <testcase classname="topic_advanced_Annotations.TestUI2" name="accessContactPage2" time="0.003"/>
  <testcase classname="topic_advanced_Annotations.TestUI2" name="accessHomePage1" time="0.013"/>
  <testcase classname="topic_advanced_Annotations.TestUI2" name="accesscompaingnPage3" time="0.012"/>
</testsuite> <!-- front-end -->
