<?xml version="1.0" encoding="UTF-8"?>
<testng-results ignored="0" total="4" passed="4" failed="0" skipped="0">
  <reporter-output>
  </reporter-output>
  <suite started-at="2023-12-25T12:51:11 IST" name="Default suite" finished-at="2023-12-25T12:52:05 IST" duration-ms="54570">
    <groups>
    </groups>
    <test started-at="2023-12-25T12:51:11 IST" name="Default test" finished-at="2023-12-25T12:52:05 IST" duration-ms="54570">
      <class name="topic_ObjectRepository.Project4_Problem1">
        <test-method signature="setup()[pri:1, instance:topic_ObjectRepository.Project4_Problem1@cb0755b]" started-at="2023-12-25T12:51:11 IST" name="setup" finished-at="2023-12-25T12:51:40 IST" duration-ms="28971" status="PASS">
          <reporter-output>
          </reporter-output>
        </test-method> <!-- setup -->
        <test-method signature="search()[pri:2, instance:topic_ObjectRepository.Project4_Problem1@cb0755b]" started-at="2023-12-25T12:51:40 IST" name="search" finished-at="2023-12-25T12:51:53 IST" duration-ms="13211" status="PASS">
          <reporter-output>
          </reporter-output>
        </test-method> <!-- search -->
        <test-method signature="test_Result()[pri:3, instance:topic_ObjectRepository.Project4_Problem1@cb0755b]" started-at="2023-12-25T12:51:53 IST" name="test_Result" finished-at="2023-12-25T12:52:00 IST" duration-ms="7302" status="PASS">
          <reporter-output>
          </reporter-output>
        </test-method> <!-- test_Result -->
        <test-method signature="write_Excel()[pri:4, instance:topic_ObjectRepository.Project4_Problem1@cb0755b]" started-at="2023-12-25T12:52:00 IST" name="write_Excel" finished-at="2023-12-25T12:52:05 IST" duration-ms="4877" status="PASS">
          <reporter-output>
          </reporter-output>
        </test-method> <!-- write_Excel -->
      </class> <!-- topic_ObjectRepository.Project4_Problem1 -->
    </test> <!-- Default test -->
  </suite> <!-- Default suite -->
</testng-results>
