<?xml version="1.0" encoding="UTF-8"?>
<testng-results ignored="0" total="1" passed="1" failed="0" skipped="0">
  <reporter-output>
  </reporter-output>
  <suite started-at="2023-12-21T11:00:25 IST" name="Default suite" finished-at="2023-12-21T11:01:29 IST" duration-ms="64156">
    <groups>
    </groups>
    <test started-at="2023-12-21T11:00:25 IST" name="Default test" finished-at="2023-12-21T11:01:29 IST" duration-ms="64156">
      <class name="testingvariousFuncProject1.New_tab">
        <test-method signature="tab_demo()[pri:0, instance:testingvariousFuncProject1.New_tab@548d708a]" started-at="2023-12-21T11:00:25 IST" name="tab_demo" finished-at="2023-12-21T11:01:29 IST" duration-ms="63991" status="PASS">
          <reporter-output>
          </reporter-output>
        </test-method> <!-- tab_demo -->
      </class> <!-- testingvariousFuncProject1.New_tab -->
    </test> <!-- Default test -->
  </suite> <!-- Default suite -->
</testng-results>
