<?xml version="1.0" encoding="UTF-8"?>
<testng-results ignored="0" total="1" passed="1" failed="0" skipped="0">
  <reporter-output>
  </reporter-output>
  <suite started-at="2024-04-13T19:35:06 IST" name="Default suite" finished-at="2024-04-13T19:35:34 IST" duration-ms="27666">
    <groups>
    </groups>
    <test started-at="2024-04-13T19:35:06 IST" name="Default test" finished-at="2024-04-13T19:35:34 IST" duration-ms="27666">
      <class name="myPRTTest.IntellipaatLauchURL">
        <test-method signature="LaunchBrowser()[pri:0, instance:myPRTTest.IntellipaatLauchURL@3f6f6701]" started-at="2024-04-13T19:35:06 IST" name="LaunchBrowser" finished-at="2024-04-13T19:35:34 IST" duration-ms="27516" status="PASS">
          <reporter-output>
          </reporter-output>
        </test-method> <!-- LaunchBrowser -->
      </class> <!-- myPRTTest.IntellipaatLauchURL -->
    </test> <!-- Default test -->
  </suite> <!-- Default suite -->
</testng-results>
